<?xml version="1.0" encoding="UTF-8" ?>
<testsuites name="vitest tests" tests="44" failures="0" errors="0" time="2.431">
    <testsuite name="tests/App.test.tsx" timestamp="2025-08-08T04:27:07.323Z" hostname="Mac.attlocal.net" tests="5" failures="0" errors="0" skipped="0" time="0.127">
        <testcase classname="tests/App.test.tsx" name="App Component &gt; renders without crashing" time="0.053">
        </testcase>
        <testcase classname="tests/App.test.tsx" name="App Component &gt; renders the dashboard when authenticated" time="0.038">
        </testcase>
        <testcase classname="tests/App.test.tsx" name="App Component &gt; displays user greeting on dashboard" time="0.014">
        </testcase>
        <testcase classname="tests/App.test.tsx" name="App Component &gt; shows dashboard welcome message" time="0.011">
        </testcase>
        <testcase classname="tests/App.test.tsx" name="App Component &gt; displays quick actions section" time="0.009">
        </testcase>
    </testsuite>
    <testsuite name="tests/deployment.test.js" timestamp="2025-08-08T04:27:07.326Z" hostname="Mac.attlocal.net" tests="7" failures="0" errors="0" skipped="0" time="0.028">
        <testcase classname="tests/deployment.test.js" name="Deployment Tests &gt; should validate deployment health check" time="0.008">
        </testcase>
        <testcase classname="tests/deployment.test.js" name="Deployment Tests &gt; should validate version information display" time="0.006">
        </testcase>
        <testcase classname="tests/deployment.test.js" name="Deployment Tests &gt; should validate deployment environment" time="0.003">
        </testcase>
        <testcase classname="tests/deployment.test.js" name="Deployment Tests &gt; should ensure no PHI exposure in deployment" time="0.006">
        </testcase>
        <testcase classname="tests/deployment.test.js" name="Deployment Tests &gt; should validate rollback functionality" time="0.001">
        </testcase>
        <testcase classname="tests/deployment.test.js" name="Deployment Tests &gt; should validate deployment status monitoring" time="0">
        </testcase>
        <testcase classname="tests/deployment.test.js" name="Deployment Tests &gt; should validate blue/green deployment" time="0.001">
        </testcase>
    </testsuite>
    <testsuite name="src/hooks/__tests__/useMetrics.test.ts" timestamp="2025-08-08T04:27:07.327Z" hostname="Mac.attlocal.net" tests="15" failures="0" errors="0" skipped="0" time="0.098">
        <testcase classname="src/hooks/__tests__/useMetrics.test.ts" name="useMetrics Hook &gt; should track component mount and unmount" time="0.026">
        </testcase>
        <testcase classname="src/hooks/__tests__/useMetrics.test.ts" name="useMetrics Hook &gt; should provide trackAction function" time="0.006">
        </testcase>
        <testcase classname="src/hooks/__tests__/useMetrics.test.ts" name="useMetrics Hook &gt; should provide trackError function" time="0.006">
        </testcase>
        <testcase classname="src/hooks/__tests__/useMetrics.test.ts" name="useMetrics Hook &gt; should provide trackPerformance function" time="0.006">
        </testcase>
        <testcase classname="src/hooks/__tests__/useMetrics.test.ts" name="useMetrics Hook &gt; should provide startTimer function" time="0.012">
        </testcase>
        <testcase classname="src/hooks/__tests__/useMetrics.test.ts" name="useMetrics Hook &gt; should provide trackAsyncAction function" time="0.004">
        </testcase>
        <testcase classname="src/hooks/__tests__/useMetrics.test.ts" name="usePageMetrics Hook &gt; should track page load on mount" time="0.007">
        </testcase>
        <testcase classname="src/hooks/__tests__/useMetrics.test.ts" name="usePageMetrics Hook &gt; should track component mount for page" time="0.005">
        </testcase>
        <testcase classname="src/hooks/__tests__/useMetrics.test.ts" name="useFormMetrics Hook &gt; should track field interactions" time="0.004">
        </testcase>
        <testcase classname="src/hooks/__tests__/useMetrics.test.ts" name="useFormMetrics Hook &gt; should track successful form submission" time="0.009">
        </testcase>
        <testcase classname="src/hooks/__tests__/useMetrics.test.ts" name="useFormMetrics Hook &gt; should track form submission with validation errors" time="0.001">
        </testcase>
        <testcase classname="src/hooks/__tests__/useMetrics.test.ts" name="useFormMetrics Hook &gt; should track form reset" time="0.001">
        </testcase>
        <testcase classname="src/hooks/__tests__/useMetrics.test.ts" name="useApiMetrics Hook &gt; should track successful API calls" time="0.001">
        </testcase>
        <testcase classname="src/hooks/__tests__/useMetrics.test.ts" name="useApiMetrics Hook &gt; should track failed API calls" time="0.003">
        </testcase>
        <testcase classname="src/hooks/__tests__/useMetrics.test.ts" name="useApiMetrics Hook &gt; should handle API calls without response status" time="0.001">
        </testcase>
    </testsuite>
    <testsuite name="src/utils/__tests__/metrics.test.ts" timestamp="2025-08-08T04:27:07.328Z" hostname="Mac.attlocal.net" tests="17" failures="0" errors="0" skipped="0" time="0.138">
        <testcase classname="src/utils/__tests__/metrics.test.ts" name="Frontend Metrics &gt; Performance Metrics &gt; should record performance metrics" time="0.01">
        </testcase>
        <testcase classname="src/utils/__tests__/metrics.test.ts" name="Frontend Metrics &gt; Performance Metrics &gt; should record page load metrics" time="0.003">
        </testcase>
        <testcase classname="src/utils/__tests__/metrics.test.ts" name="Frontend Metrics &gt; Performance Metrics &gt; should record API call metrics" time="0.001">
        </testcase>
        <testcase classname="src/utils/__tests__/metrics.test.ts" name="Frontend Metrics &gt; Error Metrics &gt; should record JavaScript errors" time="0">
        </testcase>
        <testcase classname="src/utils/__tests__/metrics.test.ts" name="Frontend Metrics &gt; Error Metrics &gt; should record string errors" time="0.001">
        </testcase>
        <testcase classname="src/utils/__tests__/metrics.test.ts" name="Frontend Metrics &gt; User Action Metrics &gt; should record user actions" time="0.002">
        </testcase>
        <testcase classname="src/utils/__tests__/metrics.test.ts" name="Frontend Metrics &gt; User Action Metrics &gt; should record failed user actions" time="0.002">
        </testcase>
        <testcase classname="src/utils/__tests__/metrics.test.ts" name="Frontend Metrics &gt; Metrics Control &gt; should disable metrics collection" time="0.001">
        </testcase>
        <testcase classname="src/utils/__tests__/metrics.test.ts" name="Frontend Metrics &gt; Metrics Control &gt; should enable metrics collection" time="0.001">
        </testcase>
        <testcase classname="src/utils/__tests__/metrics.test.ts" name="Frontend Metrics &gt; Buffer Management &gt; should add metrics to buffer" time="0.001">
        </testcase>
        <testcase classname="src/utils/__tests__/metrics.test.ts" name="Frontend Metrics &gt; Buffer Management &gt; should flush metrics when buffer is full" time="0.102">
        </testcase>
        <testcase classname="src/utils/__tests__/metrics.test.ts" name="Frontend Metrics &gt; HIPAA Compliance &gt; should not expose PHI in metrics" time="0.002">
        </testcase>
        <testcase classname="src/utils/__tests__/metrics.test.ts" name="Frontend Metrics &gt; HIPAA Compliance &gt; should scrub sensitive data from tags" time="0">
        </testcase>
        <testcase classname="src/utils/__tests__/metrics.test.ts" name="Frontend Metrics &gt; Error Handling &gt; should handle flush errors gracefully" time="0.002">
        </testcase>
        <testcase classname="src/utils/__tests__/metrics.test.ts" name="Frontend Metrics &gt; Error Handling &gt; should continue collecting metrics after flush error" time="0">
        </testcase>
        <testcase classname="src/utils/__tests__/metrics.test.ts" name="Frontend Metrics &gt; Timestamp and Correlation &gt; should add timestamps to metrics" time="0">
        </testcase>
        <testcase classname="src/utils/__tests__/metrics.test.ts" name="Frontend Metrics &gt; Timestamp and Correlation &gt; should preserve correlation IDs when available" time="0">
        </testcase>
    </testsuite>
</testsuites>
